============================= test session starts ==============================
platform linux -- Python 3.13.5, pytest-9.1.1, pluggy-1.6.0 -- /home/mgupta/anaconda3/envs/VLM-MM/bin/python
cachedir: .pytest_cache
rootdir: /home/mgupta/WORK/Arhant/CLIPS-INFERENCE/test
configfile: pytest.ini
testpaths: .
plugins: anyio-4.14.0
collecting ... collected 106 items

test_av.py::test_search_basic PASSED                                     [  0%]
test_av.py::test_search_fused_score_matches_weighted_sum PASSED          [  1%]
test_av.py::test_search_results_ranked_by_fused_score PASSED             [  2%]
test_av.py::test_search_weight_skew_favors_visual PASSED                 [  3%]
test_av.py::test_search_weights_not_summing_to_one PASSED                [  4%]
test_av.py::test_search_video_without_audio_track PASSED                 [  5%]
test_av.py::test_search_missing_query PASSED                             [  6%]
test_av.py::test_search_missing_file PASSED                              [  7%]
test_av.py::test_search_corrupt_video PASSED                             [  8%]
test_av.py::test_batch_search_basic PASSED                               [  9%]
test_av.py::test_batch_search_ranked_globally_across_videos PASSED       [ 10%]
test_av.py::test_batch_search_missing_files PASSED                       [ 11%]
test_av.py::test_batch_search_missing_query PASSED                       [ 12%]
test_clap.py::test_search_basic PASSED                                   [ 13%]
test_clap.py::test_search_results_ranked PASSED                          [ 14%]
test_clap.py::test_search_segment_seconds_changes_segment_count PASSED   [ 15%]
test_clap.py::test_search_mp3_input PASSED                               [ 16%]
test_clap.py::test_search_missing_query PASSED                           [ 16%]
test_clap.py::test_search_missing_file PASSED                            [ 17%]
test_clap.py::test_search_corrupt_audio PASSED                           [ 18%]
test_clap.py::test_search_segment_longer_than_clip PASSED                [ 19%]
test_clap.py::test_label_basic PASSED                                    [ 20%]
test_clap.py::test_label_missing_labels_str PASSED                       [ 21%]
test_clap.py::test_label_missing_file PASSED                             [ 22%]
test_clip4clip.py::test_search_basic PASSED                              [ 23%]
test_clip4clip.py::test_search_results_ranked PASSED                     [ 24%]
test_clip4clip.py::test_search_top_k_larger_than_max_frames PASSED       [ 25%]
test_clip4clip.py::test_search_max_frames_one PASSED                     [ 26%]
test_clip4clip.py::test_search_missing_query PASSED                      [ 27%]
test_clip4clip.py::test_search_missing_file PASSED                       [ 28%]
test_clip4clip.py::test_search_corrupt_video PASSED                      [ 29%]
test_clip4clip.py::test_search_negative_top_k PASSED                     [ 30%]
test_clip4clip.py::test_label_basic PASSED                               [ 31%]
test_clip4clip.py::test_label_missing_labels_str PASSED                  [ 32%]
test_clip4clip.py::test_label_missing_file PASSED                        [ 33%]
test_clip4clip.py::test_batch_search_basic PASSED                        [ 33%]
test_clip4clip.py::test_batch_search_results_ranked_globally PASSED      [ 34%]
test_clip4clip.py::test_batch_search_single_file_behaves_like_search PASSED [ 35%]
test_clip4clip.py::test_batch_search_missing_files PASSED                [ 36%]
test_clip4clip.py::test_batch_search_missing_query PASSED                [ 37%]
test_clip_family.py::test_search_single_image[clip] PASSED               [ 38%]
test_clip_family.py::test_search_single_image[tinyclip] PASSED           [ 39%]
test_clip_family.py::test_search_multiple_images_ranked[clip] PASSED     [ 40%]
test_clip_family.py::test_search_multiple_images_ranked[tinyclip] PASSED [ 41%]
test_clip_family.py::test_search_missing_query[clip] PASSED              [ 42%]
test_clip_family.py::test_search_missing_query[tinyclip] PASSED          [ 43%]
test_clip_family.py::test_search_missing_files[clip] PASSED              [ 44%]
test_clip_family.py::test_search_missing_files[tinyclip] PASSED          [ 45%]
test_clip_family.py::test_search_empty_query_string[clip] PASSED         [ 46%]
test_clip_family.py::test_search_empty_query_string[tinyclip] PASSED     [ 47%]
test_clip_family.py::test_search_non_image_file[clip] PASSED             [ 48%]
test_clip_family.py::test_search_non_image_file[tinyclip] PASSED         [ 49%]
test_clip_family.py::test_search_corrupt_image[clip] PASSED              [ 50%]
test_clip_family.py::test_search_corrupt_image[tinyclip] PASSED          [ 50%]
test_clip_family.py::test_label_single_image[clip] PASSED                [ 51%]
test_clip_family.py::test_label_single_image[tinyclip] PASSED            [ 52%]
test_clip_family.py::test_label_scores_sum_to_one[clip] PASSED           [ 53%]
test_clip_family.py::test_label_scores_sum_to_one[tinyclip] PASSED       [ 54%]
test_clip_family.py::test_label_single_label[clip] PASSED                [ 55%]
test_clip_family.py::test_label_single_label[tinyclip] PASSED            [ 56%]
test_clip_family.py::test_label_messy_labels_str_is_trimmed[clip] PASSED [ 57%]
test_clip_family.py::test_label_messy_labels_str_is_trimmed[tinyclip] PASSED [ 58%]
test_clip_family.py::test_label_missing_labels_str[clip] PASSED          [ 59%]
test_clip_family.py::test_label_missing_labels_str[tinyclip] PASSED      [ 60%]
test_clip_family.py::test_label_empty_labels_str[clip] PASSED            [ 61%]
test_clip_family.py::test_label_empty_labels_str[tinyclip] PASSED        [ 62%]
test_clip_family.py::test_label_missing_file[clip] PASSED                [ 63%]
test_clip_family.py::test_label_missing_file[tinyclip] PASSED            [ 64%]
test_error_handling.py::test_get_not_allowed[/media/info] PASSED         [ 65%]
test_error_handling.py::test_get_not_allowed[/clip/search] PASSED        [ 66%]
test_error_handling.py::test_get_not_allowed[/clip/label] PASSED         [ 66%]
test_error_handling.py::test_get_not_allowed[/tinyclip/search] PASSED    [ 67%]
test_error_handling.py::test_get_not_allowed[/tinyclip/label] PASSED     [ 68%]
test_error_handling.py::test_get_not_allowed[/clip4clip/search] PASSED   [ 69%]
test_error_handling.py::test_get_not_allowed[/clip4clip/label] PASSED    [ 70%]
test_error_handling.py::test_get_not_allowed[/clip4clip/batch_search] PASSED [ 71%]
test_error_handling.py::test_get_not_allowed[/clap/search] PASSED        [ 72%]
test_error_handling.py::test_get_not_allowed[/clap/label] PASSED         [ 73%]
test_error_handling.py::test_get_not_allowed[/av/search] PASSED          [ 74%]
test_error_handling.py::test_get_not_allowed[/av/batch_search] PASSED    [ 75%]
test_error_handling.py::test_unknown_route_404 PASSED                    [ 76%]
test_error_handling.py::test_no_body_at_all[/media/info] PASSED          [ 77%]
test_error_handling.py::test_no_body_at_all[/clip/search] PASSED         [ 78%]
test_error_handling.py::test_no_body_at_all[/clip/label] PASSED          [ 79%]
test_error_handling.py::test_no_body_at_all[/tinyclip/search] PASSED     [ 80%]
test_error_handling.py::test_no_body_at_all[/tinyclip/label] PASSED      [ 81%]
test_error_handling.py::test_no_body_at_all[/clip4clip/search] PASSED    [ 82%]
test_error_handling.py::test_no_body_at_all[/clip4clip/label] PASSED     [ 83%]
test_error_handling.py::test_no_body_at_all[/clip4clip/batch_search] PASSED [ 83%]
test_error_handling.py::test_no_body_at_all[/clap/search] PASSED         [ 84%]
test_error_handling.py::test_no_body_at_all[/clap/label] PASSED          [ 85%]
test_error_handling.py::test_no_body_at_all[/av/search] PASSED           [ 86%]
test_error_handling.py::test_no_body_at_all[/av/batch_search] PASSED     [ 87%]
test_error_handling.py::test_image_endpoint_rejects_text_disguised_as_jpg PASSED [ 88%]
test_error_handling.py::test_openapi_schema_is_served PASSED             [ 89%]
test_error_handling.py::test_top_k_rejects_or_survives_garbage_values[not_a_number] PASSED [ 90%]
test_error_handling.py::test_top_k_rejects_or_survives_garbage_values[] PASSED [ 91%]
test_error_handling.py::test_top_k_rejects_or_survives_garbage_values[-999999] PASSED [ 92%]
test_media_info.py::test_media_info_video PASSED                         [ 93%]
test_media_info.py::test_media_info_audio PASSED                         [ 94%]
test_media_info.py::test_media_info_image PASSED                         [ 95%]
test_media_info.py::test_media_info_via_path_param PASSED                [ 96%]
test_media_info.py::test_media_info_missing_file PASSED                  [ 97%]
test_media_info.py::test_media_info_corrupt_file PASSED                  [ 98%]
test_media_info.py::test_media_info_empty_file PASSED                    [ 99%]
test_media_info.py::test_media_info_nonexistent_server_path PASSED       [100%]

============================= slowest 10 durations =============================
5.45s call     test_av.py::test_search_basic
1.48s setup    test_av.py::test_search_basic
0.80s call     test_av.py::test_batch_search_ranked_globally_across_videos
0.70s call     test_av.py::test_batch_search_basic
0.53s call     test_clap.py::test_search_segment_seconds_changes_segment_count
0.52s call     test_av.py::test_search_results_ranked_by_fused_score
0.51s setup    test_av.py::test_batch_search_basic
0.49s call     test_av.py::test_search_weight_skew_favors_visual
0.48s call     test_av.py::test_search_fused_score_matches_weighted_sum
0.42s call     test_av.py::test_search_weights_not_summing_to_one
============================= 106 passed in 19.88s =============================
